oracle (Dijkstra): optimal_cost=27 states=25536 time=0.09s
A*(h_needs): cost=27 generated=12264 time=7.90s steps=27
h_needs(root)=11 (must be <= optimal 27)
Solution operations:
   0. INIT                               g=0
   1. move down                          g=1
   2. load Rose:pink x1 + Rose:red x2 + Rose:white x1 g=2
   3. move down                          g=3
   4. move left                          g=4
   5. move down                          g=5
   6. unload P1: pink x1 + red x2 + white x1 g=6
   7. move up                            g=7
   8. move right                         g=8
   9. move up                            g=9
  10. load Goliat:gold x2 + Goliat:lightpink x2 g=10
  11. move right                         g=11
  12. move right                         g=12
  13. unload P4: gold x2 + lightpink x2  g=13
  14. move left                          g=14
  15. move left                          g=15
  16. load Tulip:red x3 + Tulip:yellow x1 g=16
  17. move down                          g=17
  18. move right                         g=18
  19. unload P2: red x3 + yellow x1      g=19
  20. move left                          g=20
  21. move up                            g=21
  22. load Orchid:pink x1 + Orchid:purple x2 g=22
  23. move down                          g=23
  24. move down                          g=24
  25. move down                          g=25
  26. move right                         g=26
  27. unload P3: pink x1 + purple x2     g=27

PROBLEMS=0
RESULT=PASS
